;  LST file generated by mikroListExporter - v.2.0 
; Date/Time: 8/1/2023 6:08:02 PM
;----------------------------------------------

;Address Opcode 	ASM
0x0000	0x29B0      	GOTO       432
_interrupt:
0x0004	0x00FF      	MOVWF      R15
0x0005	0x0E03      	SWAPF      STATUS, 0
0x0006	0x0183      	CLRF       STATUS
0x0007	0x00B5      	MOVWF      ___saveSTATUS
0x0008	0x080A      	MOVF       PCLATH, 0
0x0009	0x00B4      	MOVWF      ___savePCLATH
0x000A	0x018A      	CLRF       PCLATH
0x000B	0x0870      	MOVF       R0, 0
0x000C	0x00A5      	MOVWF      37
0x000D	0x0871      	MOVF       R1, 0
0x000E	0x00A4      	MOVWF      36
0x000F	0x0872      	MOVF       R2, 0
0x0010	0x00A3      	MOVWF      35
0x0011	0x087B      	MOVF       R11, 0
0x0012	0x00A2      	MOVWF      34
0x0013	0x087C      	MOVF       R12, 0
0x0014	0x00A1      	MOVWF      33
0x0015	0x087D      	MOVF       R13, 0
0x0016	0x00A0      	MOVWF      32
;TrafficLightControl.c,101 :: 		void interrupt()
;TrafficLightControl.c,103 :: 		if (intf_bit==1)
0x0017	0x1C8B      	BTFSS      INTF_bit, BitPos(INTF_bit+0)
0x0018	0x2823      	GOTO       L_interrupt31
;TrafficLightControl.c,104 :: 		{  if (portb.b0==0)
0x0019	0x1806      	BTFSC      PORTB, 0
0x001A	0x281D      	GOTO       L_interrupt32
;TrafficLightControl.c,106 :: 		intf_bit=0;
0x001B	0x108B      	BCF        INTF_bit, BitPos(INTF_bit+0)
;TrafficLightControl.c,107 :: 		return;
0x001C	0x2823      	GOTO       L__interrupt75
;TrafficLightControl.c,108 :: 		}
L_interrupt32:
;TrafficLightControl.c,109 :: 		automatic=1; //check if user enters the manual mode or not
0x001D	0x3001      	MOVLW      1
0x001E	0x00AA      	MOVWF      _automatic
0x001F	0x3000      	MOVLW      0
0x0020	0x00AB      	MOVWF      _automatic+1
;TrafficLightControl.c,110 :: 		transsition();
0x0021	0x2191      	CALL       _transsition
;TrafficLightControl.c,111 :: 		choice();
0x0022	0x219E      	CALL       _choice
;TrafficLightControl.c,112 :: 		}
L_interrupt31:
;TrafficLightControl.c,113 :: 		}
L_end_interrupt:
L__interrupt75:
0x0023	0x0825      	MOVF       37, 0
0x0024	0x00F0      	MOVWF      R0
0x0025	0x0824      	MOVF       36, 0
0x0026	0x00F1      	MOVWF      R1
0x0027	0x0823      	MOVF       35, 0
0x0028	0x00F2      	MOVWF      R2
0x0029	0x0822      	MOVF       34, 0
0x002A	0x00FB      	MOVWF      R11
0x002B	0x0821      	MOVF       33, 0
0x002C	0x00FC      	MOVWF      R12
0x002D	0x0820      	MOVF       32, 0
0x002E	0x00FD      	MOVWF      R13
0x002F	0x0834      	MOVF       ___savePCLATH, 0
0x0030	0x008A      	MOVWF      PCLATH
0x0031	0x0E35      	SWAPF      ___saveSTATUS, 0
0x0032	0x0083      	MOVWF      STATUS
0x0033	0x0EFF      	SWAPF      R15, 1
0x0034	0x0E7F      	SWAPF      R15, 0
0x0035	0x0009      	RETFIE
; end of _interrupt
_traffic:
;TrafficLightControl.c,74 :: 		void traffic()//controlling the LEDs
;TrafficLightControl.c,76 :: 		portb=0;
0x0036	0x1283      	BCF        STATUS, 5
0x0037	0x1303      	BCF        STATUS, 6
0x0038	0x0186      	CLRF       PORTB
;TrafficLightControl.c,77 :: 		if (flag%2==0)
0x0039	0x3001      	MOVLW      1
0x003A	0x0526      	ANDWF      _flag, 0
0x003B	0x00F1      	MOVWF      R1
0x003C	0x0827      	MOVF       _flag+1, 0
0x003D	0x00F2      	MOVWF      R1+1
0x003E	0x3000      	MOVLW      0
0x003F	0x05F2      	ANDWF      R1+1, 1
0x0040	0x3000      	MOVLW      0
0x0041	0x0672      	XORWF      R1+1, 0
0x0042	0x1D03      	BTFSS      STATUS, 2
0x0043	0x2846      	GOTO       L__traffic67
0x0044	0x3000      	MOVLW      0
0x0045	0x0671      	XORWF      R1, 0
L__traffic67:
0x0046	0x1D03      	BTFSS      STATUS, 2
0x0047	0x2861      	GOTO       L_traffic21
;TrafficLightControl.c,78 :: 		{ portb.b1=1;
0x0048	0x1486      	BSF        PORTB, 1
;TrafficLightControl.c,79 :: 		if (counter>3||automatic==1)
0x0049	0x3080      	MOVLW      128
0x004A	0x00F0      	MOVWF      R0
0x004B	0x3080      	MOVLW      128
0x004C	0x062F      	XORWF      _counter+1, 0
0x004D	0x0270      	SUBWF      R0, 0
0x004E	0x1D03      	BTFSS      STATUS, 2
0x004F	0x2852      	GOTO       L__traffic68
0x0050	0x082E      	MOVF       _counter, 0
0x0051	0x3C03      	SUBLW      3
L__traffic68:
0x0052	0x1C03      	BTFSS      STATUS, 0
0x0053	0x285D      	GOTO       L__traffic53
0x0054	0x3000      	MOVLW      0
0x0055	0x062B      	XORWF      _automatic+1, 0
0x0056	0x1D03      	BTFSS      STATUS, 2
0x0057	0x285A      	GOTO       L__traffic69
0x0058	0x3001      	MOVLW      1
0x0059	0x062A      	XORWF      _automatic, 0
L__traffic69:
0x005A	0x1903      	BTFSC      STATUS, 2
0x005B	0x285D      	GOTO       L__traffic53
0x005C	0x285F      	GOTO       L_traffic24
L__traffic53:
;TrafficLightControl.c,80 :: 		portb.b6=1;
0x005D	0x1706      	BSF        PORTB, 6
0x005E	0x2860      	GOTO       L_traffic25
L_traffic24:
;TrafficLightControl.c,82 :: 		portb.b5=1;
0x005F	0x1686      	BSF        PORTB, 5
L_traffic25:
;TrafficLightControl.c,84 :: 		}
0x0060	0x2879      	GOTO       L_traffic26
L_traffic21:
;TrafficLightControl.c,86 :: 		portb.b4=1;
0x0061	0x1606      	BSF        PORTB, 4
;TrafficLightControl.c,87 :: 		if (counter>3||automatic==1)
0x0062	0x3080      	MOVLW      128
0x0063	0x00F0      	MOVWF      R0
0x0064	0x3080      	MOVLW      128
0x0065	0x062F      	XORWF      _counter+1, 0
0x0066	0x0270      	SUBWF      R0, 0
0x0067	0x1D03      	BTFSS      STATUS, 2
0x0068	0x286B      	GOTO       L__traffic70
0x0069	0x082E      	MOVF       _counter, 0
0x006A	0x3C03      	SUBLW      3
L__traffic70:
0x006B	0x1C03      	BTFSS      STATUS, 0
0x006C	0x2876      	GOTO       L__traffic52
0x006D	0x3000      	MOVLW      0
0x006E	0x062B      	XORWF      _automatic+1, 0
0x006F	0x1D03      	BTFSS      STATUS, 2
0x0070	0x2873      	GOTO       L__traffic71
0x0071	0x3001      	MOVLW      1
0x0072	0x062A      	XORWF      _automatic, 0
L__traffic71:
0x0073	0x1903      	BTFSC      STATUS, 2
0x0074	0x2876      	GOTO       L__traffic52
0x0075	0x2878      	GOTO       L_traffic29
L__traffic52:
;TrafficLightControl.c,88 :: 		portb.b3=1;
0x0076	0x1586      	BSF        PORTB, 3
0x0077	0x2879      	GOTO       L_traffic30
L_traffic29:
;TrafficLightControl.c,90 :: 		portb.b2=1;
0x0078	0x1506      	BSF        PORTB, 2
L_traffic30:
;TrafficLightControl.c,91 :: 		}}
L_traffic26:
L_end_traffic:
0x0079	0x0008      	RETURN
; end of _traffic
_steady:
;TrafficLightControl.c,28 :: 		steady()// making the counter continue numbering when it shifted into manual till yellow
;TrafficLightControl.c,30 :: 		for(;counter>=0;counter--)
L_steady2:
0x007A	0x3080      	MOVLW      128
0x007B	0x1283      	BCF        STATUS, 5
0x007C	0x1303      	BCF        STATUS, 6
0x007D	0x062F      	XORWF      _counter+1, 0
0x007E	0x00F0      	MOVWF      R0
0x007F	0x3080      	MOVLW      128
0x0080	0x0270      	SUBWF      R0, 0
0x0081	0x1D03      	BTFSS      STATUS, 2
0x0082	0x2885      	GOTO       L__steady58
0x0083	0x3000      	MOVLW      0
0x0084	0x022E      	SUBWF      _counter, 0
L__steady58:
0x0085	0x1C03      	BTFSS      STATUS, 0
0x0086	0x289C      	GOTO       L_steady3
;TrafficLightControl.c,32 :: 		portc=counter;
0x0087	0x082E      	MOVF       _counter, 0
0x0088	0x0087      	MOVWF      PORTC
;TrafficLightControl.c,33 :: 		delay_ms(1000);
0x0089	0x300B      	MOVLW      11
0x008A	0x00FB      	MOVWF      R11
0x008B	0x3026      	MOVLW      38
0x008C	0x00FC      	MOVWF      R12
0x008D	0x305D      	MOVLW      93
0x008E	0x00FD      	MOVWF      R13
L_steady5:
0x008F	0x0BFD      	DECFSZ     R13, 1
0x0090	0x288F      	GOTO       L_steady5
0x0091	0x0BFC      	DECFSZ     R12, 1
0x0092	0x288F      	GOTO       L_steady5
0x0093	0x0BFB      	DECFSZ     R11, 1
0x0094	0x288F      	GOTO       L_steady5
0x0095	0x0000      	NOP
0x0096	0x0000      	NOP
;TrafficLightControl.c,30 :: 		for(;counter>=0;counter--)
0x0097	0x3001      	MOVLW      1
0x0098	0x02AE      	SUBWF      _counter, 1
0x0099	0x1C03      	BTFSS      STATUS, 0
0x009A	0x03AF      	DECF       _counter+1, 1
;TrafficLightControl.c,34 :: 		}
0x009B	0x287A      	GOTO       L_steady2
L_steady3:
;TrafficLightControl.c,35 :: 		yellow=1;
0x009C	0x3001      	MOVLW      1
0x009D	0x00B2      	MOVWF      _yellow
0x009E	0x3000      	MOVLW      0
0x009F	0x00B3      	MOVWF      _yellow+1
;TrafficLightControl.c,36 :: 		flag++;
0x00A0	0x0AA6      	INCF       _flag, 1
0x00A1	0x1903      	BTFSC      STATUS, 2
0x00A2	0x0AA7      	INCF       _flag+1, 1
;TrafficLightControl.c,37 :: 		}
L_end_steady:
0x00A3	0x0008      	RETURN
; end of _steady
_manual:
;TrafficLightControl.c,133 :: 		void manual() //switch between two manual streats //flag variable make change to leds based on last case
;TrafficLightControl.c,134 :: 		{     start=1;
0x00A4	0x3001      	MOVLW      1
0x00A5	0x1283      	BCF        STATUS, 5
0x00A6	0x1303      	BCF        STATUS, 6
0x00A7	0x00A8      	MOVWF      _start
0x00A8	0x3000      	MOVLW      0
0x00A9	0x00A9      	MOVWF      _start+1
;TrafficLightControl.c,135 :: 		yellow=0;
0x00AA	0x01B2      	CLRF       _yellow
0x00AB	0x01B3      	CLRF       _yellow+1
;TrafficLightControl.c,136 :: 		portb=0;
0x00AC	0x0186      	CLRF       PORTB
;TrafficLightControl.c,137 :: 		for(counter=3;counter>=0;counter--)
0x00AD	0x3003      	MOVLW      3
0x00AE	0x00AE      	MOVWF      _counter
0x00AF	0x3000      	MOVLW      0
0x00B0	0x00AF      	MOVWF      _counter+1
L_manual44:
0x00B1	0x3080      	MOVLW      128
0x00B2	0x062F      	XORWF      _counter+1, 0
0x00B3	0x00F0      	MOVWF      R0
0x00B4	0x3080      	MOVLW      128
0x00B5	0x0270      	SUBWF      R0, 0
0x00B6	0x1D03      	BTFSS      STATUS, 2
0x00B7	0x28BA      	GOTO       L__manual79
0x00B8	0x3000      	MOVLW      0
0x00B9	0x022E      	SUBWF      _counter, 0
L__manual79:
0x00BA	0x1C03      	BTFSS      STATUS, 0
0x00BB	0x28E6      	GOTO       L_manual45
;TrafficLightControl.c,139 :: 		portd.b0=1;
0x00BC	0x1408      	BSF        PORTD, 0
;TrafficLightControl.c,140 :: 		portc=counter;
0x00BD	0x082E      	MOVF       _counter, 0
0x00BE	0x0087      	MOVWF      PORTC
;TrafficLightControl.c,141 :: 		if (flag%2==1)
0x00BF	0x3001      	MOVLW      1
0x00C0	0x0526      	ANDWF      _flag, 0
0x00C1	0x00F1      	MOVWF      R1
0x00C2	0x0827      	MOVF       _flag+1, 0
0x00C3	0x00F2      	MOVWF      R1+1
0x00C4	0x3000      	MOVLW      0
0x00C5	0x05F2      	ANDWF      R1+1, 1
0x00C6	0x3000      	MOVLW      0
0x00C7	0x0672      	XORWF      R1+1, 0
0x00C8	0x1D03      	BTFSS      STATUS, 2
0x00C9	0x28CC      	GOTO       L__manual80
0x00CA	0x3001      	MOVLW      1
0x00CB	0x0671      	XORWF      R1, 0
L__manual80:
0x00CC	0x1D03      	BTFSS      STATUS, 2
0x00CD	0x28D1      	GOTO       L_manual47
;TrafficLightControl.c,143 :: 		portb.b4=1;
0x00CE	0x1606      	BSF        PORTB, 4
;TrafficLightControl.c,144 :: 		portb.b2=1;
0x00CF	0x1506      	BSF        PORTB, 2
;TrafficLightControl.c,145 :: 		}
0x00D0	0x28D3      	GOTO       L_manual48
L_manual47:
;TrafficLightControl.c,148 :: 		portb.B5=1;
0x00D1	0x1686      	BSF        PORTB, 5
;TrafficLightControl.c,149 :: 		portb.B1=1;
0x00D2	0x1486      	BSF        PORTB, 1
;TrafficLightControl.c,150 :: 		}
L_manual48:
;TrafficLightControl.c,151 :: 		delay_ms(1000);
0x00D3	0x300B      	MOVLW      11
0x00D4	0x00FB      	MOVWF      R11
0x00D5	0x3026      	MOVLW      38
0x00D6	0x00FC      	MOVWF      R12
0x00D7	0x305D      	MOVLW      93
0x00D8	0x00FD      	MOVWF      R13
L_manual49:
0x00D9	0x0BFD      	DECFSZ     R13, 1
0x00DA	0x28D9      	GOTO       L_manual49
0x00DB	0x0BFC      	DECFSZ     R12, 1
0x00DC	0x28D9      	GOTO       L_manual49
0x00DD	0x0BFB      	DECFSZ     R11, 1
0x00DE	0x28D9      	GOTO       L_manual49
0x00DF	0x0000      	NOP
0x00E0	0x0000      	NOP
;TrafficLightControl.c,137 :: 		for(counter=3;counter>=0;counter--)
0x00E1	0x3001      	MOVLW      1
0x00E2	0x02AE      	SUBWF      _counter, 1
0x00E3	0x1C03      	BTFSS      STATUS, 0
0x00E4	0x03AF      	DECF       _counter+1, 1
;TrafficLightControl.c,152 :: 		}
0x00E5	0x28B1      	GOTO       L_manual44
L_manual45:
;TrafficLightControl.c,153 :: 		flag++;
0x00E6	0x0AA6      	INCF       _flag, 1
0x00E7	0x1903      	BTFSC      STATUS, 2
0x00E8	0x0AA7      	INCF       _flag+1, 1
;TrafficLightControl.c,154 :: 		traffic();
0x00E9	0x2036      	CALL       _traffic
;TrafficLightControl.c,155 :: 		}
L_end_manual:
0x00EA	0x0008      	RETURN
; end of _manual
_____DoICP:
;__Lib_System.c,6 :: 		
;__Lib_System.c,9 :: 		
0x00EB	0x1283      	BCF        STATUS, 5
0x00EC	0x1303      	BCF        STATUS, 6
0x00ED	0x082D      	MOVF       ___DoICPAddr+1, 0
0x00EE	0x008A      	MOVWF      PCLATH
;__Lib_System.c,10 :: 		
0x00EF	0x082C      	MOVF       ___DoICPAddr, 0
0x00F0	0x0082      	MOVWF      PCL
;__Lib_System.c,12 :: 		
L_end_____DoICP:
0x00F1	0x0008      	RETURN
; end of _____DoICP
_system:
;TrafficLightControl.c,38 :: 		void system ()//automatic system mode
;TrafficLightControl.c,40 :: 		if (flag%2==0)
0x00F2	0x3001      	MOVLW      1
0x00F3	0x1283      	BCF        STATUS, 5
0x00F4	0x1303      	BCF        STATUS, 6
0x00F5	0x0526      	ANDWF      _flag, 0
0x00F6	0x00F1      	MOVWF      R1
0x00F7	0x0827      	MOVF       _flag+1, 0
0x00F8	0x00F2      	MOVWF      R1+1
0x00F9	0x3000      	MOVLW      0
0x00FA	0x05F2      	ANDWF      R1+1, 1
0x00FB	0x3000      	MOVLW      0
0x00FC	0x0672      	XORWF      R1+1, 0
0x00FD	0x1D03      	BTFSS      STATUS, 2
0x00FE	0x2901      	GOTO       L__system60
0x00FF	0x3000      	MOVLW      0
0x0100	0x0671      	XORWF      R1, 0
L__system60:
0x0101	0x1D03      	BTFSS      STATUS, 2
0x0102	0x2908      	GOTO       L_system6
;TrafficLightControl.c,41 :: 		counter =35;
0x0103	0x3023      	MOVLW      35
0x0104	0x00AE      	MOVWF      _counter
0x0105	0x3000      	MOVLW      0
0x0106	0x00AF      	MOVWF      _counter+1
0x0107	0x290C      	GOTO       L_system7
L_system6:
;TrafficLightControl.c,43 :: 		counter=21;
0x0108	0x3015      	MOVLW      21
0x0109	0x00AE      	MOVWF      _counter
0x010A	0x3000      	MOVLW      0
0x010B	0x00AF      	MOVWF      _counter+1
L_system7:
;TrafficLightControl.c,44 :: 		back = counter;
0x010C	0x082E      	MOVF       _counter, 0
0x010D	0x00B0      	MOVWF      _back
0x010E	0x082F      	MOVF       _counter+1, 0
0x010F	0x00B1      	MOVWF      _back+1
;TrafficLightControl.c,45 :: 		portb=0;
0x0110	0x0186      	CLRF       PORTB
;TrafficLightControl.c,46 :: 		portd.b0=1;
0x0111	0x1408      	BSF        PORTD, 0
;TrafficLightControl.c,47 :: 		for (;counter>=0||automatic==1;counter--)
L_system8:
0x0112	0x3080      	MOVLW      128
0x0113	0x062F      	XORWF      _counter+1, 0
0x0114	0x00F0      	MOVWF      R0
0x0115	0x3080      	MOVLW      128
0x0116	0x0270      	SUBWF      R0, 0
0x0117	0x1D03      	BTFSS      STATUS, 2
0x0118	0x291B      	GOTO       L__system61
0x0119	0x3000      	MOVLW      0
0x011A	0x022E      	SUBWF      _counter, 0
L__system61:
0x011B	0x1803      	BTFSC      STATUS, 0
0x011C	0x2926      	GOTO       L__system51
0x011D	0x3000      	MOVLW      0
0x011E	0x062B      	XORWF      _automatic+1, 0
0x011F	0x1D03      	BTFSS      STATUS, 2
0x0120	0x2923      	GOTO       L__system62
0x0121	0x3001      	MOVLW      1
0x0122	0x062A      	XORWF      _automatic, 0
L__system62:
0x0123	0x1903      	BTFSC      STATUS, 2
0x0124	0x2926      	GOTO       L__system51
0x0125	0x297C      	GOTO       L_system9
L__system51:
;TrafficLightControl.c,49 :: 		if (automatic==1)
0x0126	0x3000      	MOVLW      0
0x0127	0x062B      	XORWF      _automatic+1, 0
0x0128	0x1D03      	BTFSS      STATUS, 2
0x0129	0x292C      	GOTO       L__system63
0x012A	0x3001      	MOVLW      1
0x012B	0x062A      	XORWF      _automatic, 0
L__system63:
0x012C	0x1D03      	BTFSS      STATUS, 2
0x012D	0x2951      	GOTO       L_system13
;TrafficLightControl.c,51 :: 		automatic=0;
0x012E	0x01AA      	CLRF       _automatic
0x012F	0x01AB      	CLRF       _automatic+1
;TrafficLightControl.c,52 :: 		portd.b0=1;
0x0130	0x1408      	BSF        PORTD, 0
;TrafficLightControl.c,53 :: 		if (yellow) //change the case after yellow LED turns off
0x0131	0x0832      	MOVF       _yellow, 0
0x0132	0x0433      	IORWF      _yellow+1, 0
0x0133	0x1903      	BTFSC      STATUS, 2
0x0134	0x2948      	GOTO       L_system14
;TrafficLightControl.c,55 :: 		back=56-back;
0x0135	0x0830      	MOVF       _back, 0
0x0136	0x3C38      	SUBLW      56
0x0137	0x00F0      	MOVWF      R0
0x0138	0x0831      	MOVF       _back+1, 0
0x0139	0x1C03      	BTFSS      STATUS, 0
0x013A	0x3E01      	ADDLW      1
0x013B	0x01F1      	CLRF       R0+1
0x013C	0x02F1      	SUBWF      R0+1, 1
0x013D	0x0870      	MOVF       R0, 0
0x013E	0x00B0      	MOVWF      _back
0x013F	0x0871      	MOVF       R0+1, 0
0x0140	0x00B1      	MOVWF      _back+1
;TrafficLightControl.c,56 :: 		counter=back;
0x0141	0x0870      	MOVF       R0, 0
0x0142	0x00AE      	MOVWF      _counter
0x0143	0x0871      	MOVF       R0+1, 0
0x0144	0x00AF      	MOVWF      _counter+1
;TrafficLightControl.c,57 :: 		yellow=0;
0x0145	0x01B2      	CLRF       _yellow
0x0146	0x01B3      	CLRF       _yellow+1
;TrafficLightControl.c,58 :: 		}
0x0147	0x294C      	GOTO       L_system15
L_system14:
;TrafficLightControl.c,61 :: 		counter=back;
0x0148	0x0830      	MOVF       _back, 0
0x0149	0x00AE      	MOVWF      _counter
0x014A	0x0831      	MOVF       _back+1, 0
0x014B	0x00AF      	MOVWF      _counter+1
L_system15:
;TrafficLightControl.c,62 :: 		if (start)
0x014C	0x0828      	MOVF       _start, 0
0x014D	0x0429      	IORWF      _start+1, 0
0x014E	0x1903      	BTFSC      STATUS, 2
0x014F	0x2951      	GOTO       L_system16
;TrafficLightControl.c,64 :: 		return;
0x0150	0x297F      	GOTO       L_end_system
;TrafficLightControl.c,65 :: 		}}
L_system16:
L_system13:
;TrafficLightControl.c,66 :: 		if (counter==31||counter==15)
0x0151	0x3000      	MOVLW      0
0x0152	0x062F      	XORWF      _counter+1, 0
0x0153	0x1D03      	BTFSS      STATUS, 2
0x0154	0x2957      	GOTO       L__system64
0x0155	0x301F      	MOVLW      31
0x0156	0x062E      	XORWF      _counter, 0
L__system64:
0x0157	0x1903      	BTFSC      STATUS, 2
0x0158	0x2962      	GOTO       L__system50
0x0159	0x3000      	MOVLW      0
0x015A	0x062F      	XORWF      _counter+1, 0
0x015B	0x1D03      	BTFSS      STATUS, 2
0x015C	0x295F      	GOTO       L__system65
0x015D	0x300F      	MOVLW      15
0x015E	0x062E      	XORWF      _counter, 0
L__system65:
0x015F	0x1903      	BTFSC      STATUS, 2
0x0160	0x2962      	GOTO       L__system50
0x0161	0x2966      	GOTO       L_system19
L__system50:
;TrafficLightControl.c,67 :: 		counter-=6;
0x0162	0x3006      	MOVLW      6
0x0163	0x02AE      	SUBWF      _counter, 1
0x0164	0x1C03      	BTFSS      STATUS, 0
0x0165	0x03AF      	DECF       _counter+1, 1
L_system19:
;TrafficLightControl.c,68 :: 		portc=counter;
0x0166	0x082E      	MOVF       _counter, 0
0x0167	0x0087      	MOVWF      PORTC
;TrafficLightControl.c,69 :: 		traffic();
0x0168	0x2036      	CALL       _traffic
;TrafficLightControl.c,70 :: 		delay_ms(1000);
0x0169	0x300B      	MOVLW      11
0x016A	0x00FB      	MOVWF      R11
0x016B	0x3026      	MOVLW      38
0x016C	0x00FC      	MOVWF      R12
0x016D	0x305D      	MOVLW      93
0x016E	0x00FD      	MOVWF      R13
L_system20:
0x016F	0x0BFD      	DECFSZ     R13, 1
0x0170	0x296F      	GOTO       L_system20
0x0171	0x0BFC      	DECFSZ     R12, 1
0x0172	0x296F      	GOTO       L_system20
0x0173	0x0BFB      	DECFSZ     R11, 1
0x0174	0x296F      	GOTO       L_system20
0x0175	0x0000      	NOP
0x0176	0x0000      	NOP
;TrafficLightControl.c,47 :: 		for (;counter>=0||automatic==1;counter--)
0x0177	0x3001      	MOVLW      1
0x0178	0x02AE      	SUBWF      _counter, 1
0x0179	0x1C03      	BTFSS      STATUS, 0
0x017A	0x03AF      	DECF       _counter+1, 1
;TrafficLightControl.c,71 :: 		}
0x017B	0x2912      	GOTO       L_system8
L_system9:
;TrafficLightControl.c,72 :: 		flag++;
0x017C	0x0AA6      	INCF       _flag, 1
0x017D	0x1903      	BTFSC      STATUS, 2
0x017E	0x0AA7      	INCF       _flag+1, 1
;TrafficLightControl.c,73 :: 		}
L_end_system:
0x017F	0x0008      	RETURN
; end of _system
_bin_flag:
;TrafficLightControl.c,96 :: 		void bin_flag()//enable bin interrupt enable and making the change depending on rising edge
;TrafficLightControl.c,98 :: 		inte_bit=1;
0x0180	0x160B      	BSF        INTE_bit, BitPos(INTE_bit+0)
;TrafficLightControl.c,99 :: 		intedg_bit=1;  //rising edge
0x0181	0x1683      	BSF        STATUS, 5
0x0182	0x1303      	BCF        STATUS, 6
0x0183	0x1701      	BSF        INTEDG_bit, BitPos(INTEDG_bit+0)
;TrafficLightControl.c,100 :: 		}
L_end_bin_flag:
0x0184	0x0008      	RETURN
; end of _bin_flag
___CC2DW:
;__Lib_System.c,134 :: 		
;__Lib_System.c,137 :: 		
_CC2D_Loop1:
;__Lib_System.c,139 :: 		
0x0185	0x20EB      	CALL       _____DoICP
0x0186	0x118A      	BCF        PCLATH, 3
0x0187	0x120A      	BCF        PCLATH, 4
;__Lib_System.c,141 :: 		
0x0188	0x0080      	MOVWF      INDF
;__Lib_System.c,142 :: 		
0x0189	0x0A84      	INCF       FSR, 1
;__Lib_System.c,143 :: 		
0x018A	0x0AAC      	INCF       ___DoICPAddr, 1
;__Lib_System.c,145 :: 		
0x018B	0x1903      	BTFSC      STATUS, 2
;__Lib_System.c,146 :: 		
0x018C	0x0AAD      	INCF       ___DoICPAddr+1, 1
;__Lib_System.c,147 :: 		
0x018D	0x03F0      	DECF       R0, 1
;__Lib_System.c,149 :: 		
0x018E	0x1D03      	BTFSS      STATUS, 2
;__Lib_System.c,150 :: 		
0x018F	0x2985      	GOTO       _CC2D_Loop1
;__Lib_System.c,152 :: 		
L_end___CC2DW:
0x0190	0x0008      	RETURN
; end of ___CC2DW
_transsition:
;TrafficLightControl.c,114 :: 		void transsition()   // make transsition case between manual and automatic if interrupt accident in yellow time
;TrafficLightControl.c,115 :: 		{    if (intf_bit==0)
0x0191	0x188B      	BTFSC      INTF_bit, BitPos(INTF_bit+0)
0x0192	0x2994      	GOTO       L_transsition33
;TrafficLightControl.c,116 :: 		return;
0x0193	0x299D      	GOTO       L_end_transsition
L_transsition33:
;TrafficLightControl.c,117 :: 		if (portb.B5==1||portb.b2==1)
0x0194	0x1283      	BCF        STATUS, 5
0x0195	0x1303      	BCF        STATUS, 6
0x0196	0x1A86      	BTFSC      PORTB, 5
0x0197	0x299B      	GOTO       L__transsition54
0x0198	0x1906      	BTFSC      PORTB, 2
0x0199	0x299B      	GOTO       L__transsition54
0x019A	0x299D      	GOTO       L_transsition36
L__transsition54:
;TrafficLightControl.c,119 :: 		steady();
0x019B	0x207A      	CALL       _steady
;TrafficLightControl.c,120 :: 		traffic();
0x019C	0x2036      	CALL       _traffic
;TrafficLightControl.c,121 :: 		}
L_transsition36:
;TrafficLightControl.c,122 :: 		}
L_end_transsition:
0x019D	0x0008      	RETURN
; end of _transsition
_choice:
;TrafficLightControl.c,123 :: 		void choice () // make the program stay in manual mode and change the traffic depends on changing in button bin
;TrafficLightControl.c,124 :: 		{    portd.B0=0;
0x019E	0x1283      	BCF        STATUS, 5
0x019F	0x1303      	BCF        STATUS, 6
0x01A0	0x1008      	BCF        PORTD, 0
;TrafficLightControl.c,125 :: 		while (portb.b0)
L_choice37:
0x01A1	0x1C06      	BTFSS      PORTB, 0
0x01A2	0x29AD      	GOTO       L_choice38
;TrafficLightControl.c,127 :: 		while(portb.b0==1&&portb.b7==0);
L_choice39:
0x01A3	0x1C06      	BTFSS      PORTB, 0
0x01A4	0x29A8      	GOTO       L_choice40
0x01A5	0x1B86      	BTFSC      PORTB, 7
0x01A6	0x29A8      	GOTO       L_choice40
L__choice55:
0x01A7	0x29A3      	GOTO       L_choice39
L_choice40:
;TrafficLightControl.c,128 :: 		if(portb.b0==0)
0x01A8	0x1806      	BTFSC      PORTB, 0
0x01A9	0x29AB      	GOTO       L_choice43
;TrafficLightControl.c,129 :: 		break;
0x01AA	0x29AD      	GOTO       L_choice38
L_choice43:
;TrafficLightControl.c,130 :: 		manual();
0x01AB	0x20A4      	CALL       _manual
;TrafficLightControl.c,131 :: 		}
0x01AC	0x29A1      	GOTO       L_choice37
L_choice38:
;TrafficLightControl.c,132 :: 		}
L_end_choice:
0x01AD	0x0008      	RETURN
; end of _choice
_Global:
;TrafficLightControl.c,92 :: 		void Global()//enable global interrupt enable
;TrafficLightControl.c,94 :: 		gie_bit=1;
0x01AE	0x178B      	BSF        GIE_bit, BitPos(GIE_bit+0)
;TrafficLightControl.c,95 :: 		}
L_end_Global:
0x01AF	0x0008      	RETURN
; end of _Global
_main:
0x01B0	0x1283      	BCF        STATUS, 5
0x01B1	0x1303      	BCF        STATUS, 6
0x01B2	0x01A6      	CLRF       _flag
0x01B3	0x01A7      	CLRF       39
0x01B4	0x01A8      	CLRF       _start
0x01B5	0x01A9      	CLRF       41
0x01B6	0x01AA      	CLRF       _automatic
0x01B7	0x01AB      	CLRF       43
;TrafficLightControl.c,16 :: 		void main() {
;TrafficLightControl.c,17 :: 		trisb=0;trisc=0;trisd=0;              //make ports a ,b and c as output
0x01B8	0x1683      	BSF        STATUS, 5
0x01B9	0x0186      	CLRF       TRISB
0x01BA	0x0187      	CLRF       TRISC
0x01BB	0x0188      	CLRF       TRISD
;TrafficLightControl.c,18 :: 		trisb.b0=1;                           //make interrupt bin as input
0x01BC	0x1406      	BSF        TRISB, 0
;TrafficLightControl.c,19 :: 		trisb.b7=1;                           //make button bin as input
0x01BD	0x1786      	BSF        TRISB, 7
;TrafficLightControl.c,20 :: 		portd.b0=1;                           // turns 7-segments display on
0x01BE	0x1283      	BCF        STATUS, 5
0x01BF	0x1408      	BSF        PORTD, 0
;TrafficLightControl.c,21 :: 		Global();
0x01C0	0x21AE      	CALL       _Global
;TrafficLightControl.c,22 :: 		bin_flag();
0x01C1	0x2180      	CALL       _bin_flag
;TrafficLightControl.c,23 :: 		while (1)
L_main0:
;TrafficLightControl.c,25 :: 		start=0;
0x01C2	0x1283      	BCF        STATUS, 5
0x01C3	0x01A8      	CLRF       _start
0x01C4	0x01A9      	CLRF       _start+1
;TrafficLightControl.c,26 :: 		system();
0x01C5	0x20F2      	CALL       _system
;TrafficLightControl.c,27 :: 		}}
0x01C6	0x29C2      	GOTO       L_main0
L_end_main:
0x01C7	0x29C7      	GOTO       $+0
; end of _main
Symbol List:
//** Routines locations **
//ADDRESS    SIZE    PROCEDURE
//----------------------------------------------
0x0004      [50]    _interrupt
0x0036      [68]    _traffic
0x007A      [42]    _steady
0x00A4      [71]    _manual
0x00EB       [7]    _____DoICP
0x00F2     [142]    _system
0x0180       [5]    _bin_flag
0x0185      [12]    ___CC2DW
0x0191      [13]    _transsition
0x019E      [16]    _choice
0x01AE       [2]    _Global
0x01B0      [24]    _main
//** Variables locations ** 
//ADDRESS    SIZE    VARIABLE
//----------------------------------------------
0x0000       [1]    INDF
0x0002       [1]    PCL
0x0003       [1]    STATUS
0x0004       [1]    FSR
0x0006       [1]    PORTB
0x0007       [1]    PORTC
0x0008       [1]    PORTD
0x000A       [1]    PCLATH
0x000B       [0]    INTE_bit
0x000B       [0]    INTF_bit
0x000B       [0]    GIE_bit
0x0026       [2]    _flag
0x0028       [2]    _start
0x002A       [2]    _automatic
0x002C       [2]    ___DoICPAddr
0x002E       [2]    _counter
0x0030       [2]    _back
0x0032       [2]    _yellow
0x0034       [1]    ___savePCLATH
0x0035       [1]    ___saveSTATUS
0x0070       [1]    R0
0x0071       [1]    R1
0x0072       [1]    R2
0x0073       [1]    R3
0x0074       [1]    R4
0x0075       [1]    R5
0x0076       [1]    R6
0x0077       [1]    R7
0x0078       [1]    R8
0x0079       [1]    R9
0x007A       [1]    R10
0x007B       [1]    R11
0x007C       [1]    R12
0x007D       [1]    R13
0x007E       [1]    R14
0x007F       [1]    R15
0x0081       [0]    INTEDG_bit
0x0086       [1]    TRISB
0x0087       [1]    TRISC
0x0088       [1]    TRISD
//** Label List: ** 
//----------------------------------------------
  L_main0
  L_main1
  L_steady2
  L_steady3
  L_steady4
  L_steady5
  L_system6
  L_system7
  L_system8
  L_system9
  L_system10
  L_system11
  L_system12
  L_system13
  L_system14
  L_system15
  L_system16
  L_system17
  L_system18
  L_system19
  L_system20
  L_traffic21
  L_traffic22
  L_traffic23
  L_traffic24
  L_traffic25
  L_traffic26
  L_traffic27
  L_traffic28
  L_traffic29
  L_traffic30
  L_interrupt31
  L_interrupt32
  L_transsition33
  L_transsition34
  L_transsition35
  L_transsition36
  L_choice37
  L_choice38
  L_choice39
  L_choice40
  L_choice41
  L_choice42
  L_choice43
  L_manual44
  L_manual45
  L_manual46
  L_manual47
  L_manual48
  L_manual49
  L__system50
  L__system51
  L__traffic52
  L__traffic53
  L__transsition54
  L__choice55
  L_end_main
  _main
  L_end_steady
  _steady
  L__steady58
  L_end_system
  _system
  L__system60
  L__system61
  L__system62
  L__system63
  L__system64
  L__system65
  L_end_traffic
  _traffic
  L__traffic67
  L__traffic68
  L__traffic69
  L__traffic70
  L__traffic71
  L_end_Global
  _Global
  L_end_bin_flag
  _bin_flag
  L_end_interrupt
  _interrupt
  L__interrupt75
  L_end_transsition
  _transsition
  L_end_choice
  _choice
  L_end_manual
  _manual
  L__manual79
  L__manual80
  L_loopCA2AWs
  L_CA2AWend
  _CCA2AW_Loop1
  L_loopCS2Ss
  L_CS2Send
  _CCS2S_Loop1
  L_CCS2Send
  L_loopFZinSWs
  L_FZinSend
  _CC2D_Loop1
  L_end_____DoICP
  _____DoICP
  L_end_____DoIFC
  _____DoIFC
  L_end___CA2AW
  ___CA2AW
  L_end___CCA2AW
  ___CCA2AW
  L_end___CS2S
  ___CS2S
  L_end___CCS2S
  ___CCS2S
  L_end___FZinS
  ___FZinS
  L_end___CC2DW
  ___CC2DW
  L_end_Swap
  _Swap
  L_main0
  L_main1
  L_steady2
  L_steady3
  L_steady4
  L_steady5
  L_system6
  L_system7
  L_system8
  L_system9
  L_system10
  L_system11
  L_system12
  L_system13
  L_system14
  L_system15
  L_system16
  L_system17
  L_system18
  L_system19
  L_system20
  L_traffic21
  L_traffic22
  L_traffic23
  L_traffic24
  L_traffic25
  L_traffic26
  L_traffic27
  L_traffic28
  L_traffic29
  L_traffic30
  L_interrupt31
  L_interrupt32
  L_transsition33
  L_transsition34
  L_transsition35
  L_transsition36
  L_choice37
  L_choice38
  L_choice39
  L_choice40
  L_choice41
  L_choice42
  L_choice43
  L_manual44
  L_manual45
  L_manual46
  L_manual47
  L_manual48
  L_manual49
  L__system50
  L__system51
  L__traffic52
  L__traffic53
  L__transsition54
  L__choice55
  L_end_main
  _main
  L_end_steady
  _steady
  L__steady58
  L_end_system
  _system
  L__system60
  L__system61
  L__system62
  L__system63
  L__system64
  L__system65
  L_end_traffic
  _traffic
  L__traffic67
  L__traffic68
  L__traffic69
  L__traffic70
  L__traffic71
  L_end_Global
  _Global
  L_end_bin_flag
  _bin_flag
  L_end_interrupt
  _interrupt
  L__interrupt75
  L_end_transsition
  _transsition
  L_end_choice
  _choice
  L_end_manual
  _manual
  L__manual79
  L__manual80
